0 info it worked if it ends with ok
1 verbose cli [ '/usr/bin/nodejs', '/usr/bin/npm', 'start' ]
2 info using npm@3.10.3
3 info using node@v6.3.0
4 verbose run-script [ 'prestart', 'start', 'poststart' ]
5 info lifecycle url-shortener-frontend@1.0.0~prestart: url-shortener-frontend@1.0.0
6 silly lifecycle url-shortener-frontend@1.0.0~prestart: no script for prestart, continuing
7 info lifecycle url-shortener-frontend@1.0.0~start: url-shortener-frontend@1.0.0
8 verbose lifecycle url-shortener-frontend@1.0.0~start: unsafe-perm in lifecycle true
9 verbose lifecycle url-shortener-frontend@1.0.0~start: PATH: /usr/lib/node_modules/npm/bin/node-gyp-bin:/home/zohaib/Xgrid/urlshortener/frontend/node_modules/.bin:/usr/bin:/usr/local/sbin:/usr/local/bin:/usr/sbin:/usr/bin:/sbin:/bin:/usr/games:/usr/local/games:/snap/bin:/usr/lib/jvm/java-8-oracle/bin:/usr/lib/jvm/java-8-oracle/db/bin:/usr/lib/jvm/java-8-oracle/jre/bin
10 verbose lifecycle url-shortener-frontend@1.0.0~start: CWD: /home/zohaib/Xgrid/urlshortener/frontend
11 silly lifecycle url-shortener-frontend@1.0.0~start: Args: [ '-c', 'http-server -p 8000 -c-1 .' ]
12 silly lifecycle url-shortener-frontend@1.0.0~start: Returned: code: 1  signal: null
13 info lifecycle url-shortener-frontend@1.0.0~start: Failed to exec start script
14 verbose stack Error: url-shortener-frontend@1.0.0 start: `http-server -p 8000 -c-1 .`
14 verbose stack Exit status 1
14 verbose stack     at EventEmitter.<anonymous> (/usr/lib/node_modules/npm/lib/utils/lifecycle.js:242:16)
14 verbose stack     at emitTwo (events.js:106:13)
14 verbose stack     at EventEmitter.emit (events.js:191:7)
14 verbose stack     at ChildProcess.<anonymous> (/usr/lib/node_modules/npm/lib/utils/spawn.js:40:14)
14 verbose stack     at emitTwo (events.js:106:13)
14 verbose stack     at ChildProcess.emit (events.js:191:7)
14 verbose stack     at maybeClose (internal/child_process.js:852:16)
14 verbose stack     at Process.ChildProcess._handle.onexit (internal/child_process.js:215:5)
15 verbose pkgid url-shortener-frontend@1.0.0
16 verbose cwd /home/zohaib/Xgrid/urlshortener/frontend
17 error Linux 4.4.0-72-generic
18 error argv "/usr/bin/nodejs" "/usr/bin/npm" "start"
19 error node v6.3.0
20 error npm  v3.10.3
21 error code ELIFECYCLE
22 error url-shortener-frontend@1.0.0 start: `http-server -p 8000 -c-1 .`
22 error Exit status 1
23 error Failed at the url-shortener-frontend@1.0.0 start script 'http-server -p 8000 -c-1 .'.
23 error Make sure you have the latest version of node.js and npm installed.
23 error If you do, this is most likely a problem with the url-shortener-frontend package,
23 error not with npm itself.
23 error Tell the author that this fails on your system:
23 error     http-server -p 8000 -c-1 .
23 error You can get information on how to open an issue for this project with:
23 error     npm bugs url-shortener-frontend
23 error Or if that isn't available, you can get their info via:
23 error     npm owner ls url-shortener-frontend
23 error There is likely additional logging output above.
24 verbose exit [ 1, true ]
